Copyright 1986-2022 Xilinx, Inc. All Rights Reserved. Copyright 2022-2024 Advanced Micro Devices, Inc. All Rights Reserved.
--------------------------------------------------------------------------------------------------------------------------------------------------------------------------------------
| Tool Version : Vivado v.2024.2 (lin64) Build 5239630 Fri Nov 08 22:34:34 MST 2024
| Date         : Tue May 27 22:31:38 2025
| Host         : jubu running 64-bit Ubuntu 22.04.5 LTS
| Command      : report_methodology -file kr260_bd_wrapper_methodology_drc_routed.rpt -pb kr260_bd_wrapper_methodology_drc_routed.pb -rpx kr260_bd_wrapper_methodology_drc_routed.rpx
| Design       : kr260_bd_wrapper
| Device       : xck26-sfvc784-2LV-c
| Speed File   : -2LV
| Design State : Fully Routed
--------------------------------------------------------------------------------------------------------------------------------------------------------------------------------------

Report Methodology

Table of Contents
-----------------
1. REPORT SUMMARY
2. REPORT DETAILS

1. REPORT SUMMARY
-----------------
            Netlist: netlist
          Floorplan: design_1
      Design limits: <entire design considered>
             Max checks: <unlimited>
             Checks found: 120
+-----------+----------+-------------------------------+--------+
| Rule      | Severity | Description                   | Checks |
+-----------+----------+-------------------------------+--------+
| TIMING-18 | Warning  | Missing input or output delay | 120    |
+-----------+----------+-------------------------------+--------+

2. REPORT DETAILS
-----------------
TIMING-18#1 Warning
Missing input or output delay  
An input delay is missing on pmod1_io[0] relative to the rising and/or falling clock edge(s) of clk_pl_0.
Related violations: <none>

TIMING-18#2 Warning
Missing input or output delay  
An input delay is missing on pmod1_io[1] relative to the rising and/or falling clock edge(s) of clk_pl_0.
Related violations: <none>

TIMING-18#3 Warning
Missing input or output delay  
An input delay is missing on pmod1_io[2] relative to the rising and/or falling clock edge(s) of clk_pl_0.
Related violations: <none>

TIMING-18#4 Warning
Missing input or output delay  
An input delay is missing on pmod1_io[3] relative to the rising and/or falling clock edge(s) of clk_pl_0.
Related violations: <none>

TIMING-18#5 Warning
Missing input or output delay  
An input delay is missing on pmod1_io[4] relative to the rising and/or falling clock edge(s) of clk_pl_0.
Related violations: <none>

TIMING-18#6 Warning
Missing input or output delay  
An input delay is missing on pmod1_io[5] relative to the rising and/or falling clock edge(s) of clk_pl_0.
Related violations: <none>

TIMING-18#7 Warning
Missing input or output delay  
An input delay is missing on pmod1_io[6] relative to the rising and/or falling clock edge(s) of clk_pl_0.
Related violations: <none>

TIMING-18#8 Warning
Missing input or output delay  
An input delay is missing on pmod1_io[7] relative to the rising and/or falling clock edge(s) of clk_pl_0.
Related violations: <none>

TIMING-18#9 Warning
Missing input or output delay  
An input delay is missing on pmod2_io[0] relative to the rising and/or falling clock edge(s) of clk_pl_0.
Related violations: <none>

TIMING-18#10 Warning
Missing input or output delay  
An input delay is missing on pmod2_io[1] relative to the rising and/or falling clock edge(s) of clk_pl_0.
Related violations: <none>

TIMING-18#11 Warning
Missing input or output delay  
An input delay is missing on pmod2_io[2] relative to the rising and/or falling clock edge(s) of clk_pl_0.
Related violations: <none>

TIMING-18#12 Warning
Missing input or output delay  
An input delay is missing on pmod2_io[3] relative to the rising and/or falling clock edge(s) of clk_pl_0.
Related violations: <none>

TIMING-18#13 Warning
Missing input or output delay  
An input delay is missing on pmod2_io[4] relative to the rising and/or falling clock edge(s) of clk_pl_0.
Related violations: <none>

TIMING-18#14 Warning
Missing input or output delay  
An input delay is missing on pmod2_io[5] relative to the rising and/or falling clock edge(s) of clk_pl_0.
Related violations: <none>

TIMING-18#15 Warning
Missing input or output delay  
An input delay is missing on pmod2_io[6] relative to the rising and/or falling clock edge(s) of clk_pl_0.
Related violations: <none>

TIMING-18#16 Warning
Missing input or output delay  
An input delay is missing on pmod2_io[7] relative to the rising and/or falling clock edge(s) of clk_pl_0.
Related violations: <none>

TIMING-18#17 Warning
Missing input or output delay  
An input delay is missing on pmod3_io[0] relative to the rising and/or falling clock edge(s) of clk_pl_0.
Related violations: <none>

TIMING-18#18 Warning
Missing input or output delay  
An input delay is missing on pmod3_io[1] relative to the rising and/or falling clock edge(s) of clk_pl_0.
Related violations: <none>

TIMING-18#19 Warning
Missing input or output delay  
An input delay is missing on pmod3_io[2] relative to the rising and/or falling clock edge(s) of clk_pl_0.
Related violations: <none>

TIMING-18#20 Warning
Missing input or output delay  
An input delay is missing on pmod3_io[3] relative to the rising and/or falling clock edge(s) of clk_pl_0.
Related violations: <none>

TIMING-18#21 Warning
Missing input or output delay  
An input delay is missing on pmod3_io[4] relative to the rising and/or falling clock edge(s) of clk_pl_0.
Related violations: <none>

TIMING-18#22 Warning
Missing input or output delay  
An input delay is missing on pmod3_io[5] relative to the rising and/or falling clock edge(s) of clk_pl_0.
Related violations: <none>

TIMING-18#23 Warning
Missing input or output delay  
An input delay is missing on pmod3_io[6] relative to the rising and/or falling clock edge(s) of clk_pl_0.
Related violations: <none>

TIMING-18#24 Warning
Missing input or output delay  
An input delay is missing on pmod3_io[7] relative to the rising and/or falling clock edge(s) of clk_pl_0.
Related violations: <none>

TIMING-18#25 Warning
Missing input or output delay  
An input delay is missing on pmod4_io[0] relative to the rising and/or falling clock edge(s) of clk_pl_0.
Related violations: <none>

TIMING-18#26 Warning
Missing input or output delay  
An input delay is missing on pmod4_io[1] relative to the rising and/or falling clock edge(s) of clk_pl_0.
Related violations: <none>

TIMING-18#27 Warning
Missing input or output delay  
An input delay is missing on pmod4_io[2] relative to the rising and/or falling clock edge(s) of clk_pl_0.
Related violations: <none>

TIMING-18#28 Warning
Missing input or output delay  
An input delay is missing on pmod4_io[3] relative to the rising and/or falling clock edge(s) of clk_pl_0.
Related violations: <none>

TIMING-18#29 Warning
Missing input or output delay  
An input delay is missing on pmod4_io[4] relative to the rising and/or falling clock edge(s) of clk_pl_0.
Related violations: <none>

TIMING-18#30 Warning
Missing input or output delay  
An input delay is missing on pmod4_io[5] relative to the rising and/or falling clock edge(s) of clk_pl_0.
Related violations: <none>

TIMING-18#31 Warning
Missing input or output delay  
An input delay is missing on pmod4_io[6] relative to the rising and/or falling clock edge(s) of clk_pl_0.
Related violations: <none>

TIMING-18#32 Warning
Missing input or output delay  
An input delay is missing on pmod4_io[7] relative to the rising and/or falling clock edge(s) of clk_pl_0.
Related violations: <none>

TIMING-18#33 Warning
Missing input or output delay  
An input delay is missing on rpi_gpio[0] relative to the rising and/or falling clock edge(s) of clk_pl_0.
Related violations: <none>

TIMING-18#34 Warning
Missing input or output delay  
An input delay is missing on rpi_gpio[10] relative to the rising and/or falling clock edge(s) of clk_pl_0.
Related violations: <none>

TIMING-18#35 Warning
Missing input or output delay  
An input delay is missing on rpi_gpio[11] relative to the rising and/or falling clock edge(s) of clk_pl_0.
Related violations: <none>

TIMING-18#36 Warning
Missing input or output delay  
An input delay is missing on rpi_gpio[12] relative to the rising and/or falling clock edge(s) of clk_pl_0.
Related violations: <none>

TIMING-18#37 Warning
Missing input or output delay  
An input delay is missing on rpi_gpio[13] relative to the rising and/or falling clock edge(s) of clk_pl_0.
Related violations: <none>

TIMING-18#38 Warning
Missing input or output delay  
An input delay is missing on rpi_gpio[14] relative to the rising and/or falling clock edge(s) of clk_pl_0.
Related violations: <none>

TIMING-18#39 Warning
Missing input or output delay  
An input delay is missing on rpi_gpio[15] relative to the rising and/or falling clock edge(s) of clk_pl_0.
Related violations: <none>

TIMING-18#40 Warning
Missing input or output delay  
An input delay is missing on rpi_gpio[16] relative to the rising and/or falling clock edge(s) of clk_pl_0.
Related violations: <none>

TIMING-18#41 Warning
Missing input or output delay  
An input delay is missing on rpi_gpio[17] relative to the rising and/or falling clock edge(s) of clk_pl_0.
Related violations: <none>

TIMING-18#42 Warning
Missing input or output delay  
An input delay is missing on rpi_gpio[18] relative to the rising and/or falling clock edge(s) of clk_pl_0.
Related violations: <none>

TIMING-18#43 Warning
Missing input or output delay  
An input delay is missing on rpi_gpio[19] relative to the rising and/or falling clock edge(s) of clk_pl_0.
Related violations: <none>

TIMING-18#44 Warning
Missing input or output delay  
An input delay is missing on rpi_gpio[1] relative to the rising and/or falling clock edge(s) of clk_pl_0.
Related violations: <none>

TIMING-18#45 Warning
Missing input or output delay  
An input delay is missing on rpi_gpio[20] relative to the rising and/or falling clock edge(s) of clk_pl_0.
Related violations: <none>

TIMING-18#46 Warning
Missing input or output delay  
An input delay is missing on rpi_gpio[21] relative to the rising and/or falling clock edge(s) of clk_pl_0.
Related violations: <none>

TIMING-18#47 Warning
Missing input or output delay  
An input delay is missing on rpi_gpio[22] relative to the rising and/or falling clock edge(s) of clk_pl_0.
Related violations: <none>

TIMING-18#48 Warning
Missing input or output delay  
An input delay is missing on rpi_gpio[23] relative to the rising and/or falling clock edge(s) of clk_pl_0.
Related violations: <none>

TIMING-18#49 Warning
Missing input or output delay  
An input delay is missing on rpi_gpio[24] relative to the rising and/or falling clock edge(s) of clk_pl_0.
Related violations: <none>

TIMING-18#50 Warning
Missing input or output delay  
An input delay is missing on rpi_gpio[25] relative to the rising and/or falling clock edge(s) of clk_pl_0.
Related violations: <none>

TIMING-18#51 Warning
Missing input or output delay  
An input delay is missing on rpi_gpio[26] relative to the rising and/or falling clock edge(s) of clk_pl_0.
Related violations: <none>

TIMING-18#52 Warning
Missing input or output delay  
An input delay is missing on rpi_gpio[27] relative to the rising and/or falling clock edge(s) of clk_pl_0.
Related violations: <none>

TIMING-18#53 Warning
Missing input or output delay  
An input delay is missing on rpi_gpio[2] relative to the rising and/or falling clock edge(s) of clk_pl_0.
Related violations: <none>

TIMING-18#54 Warning
Missing input or output delay  
An input delay is missing on rpi_gpio[3] relative to the rising and/or falling clock edge(s) of clk_pl_0.
Related violations: <none>

TIMING-18#55 Warning
Missing input or output delay  
An input delay is missing on rpi_gpio[4] relative to the rising and/or falling clock edge(s) of clk_pl_0.
Related violations: <none>

TIMING-18#56 Warning
Missing input or output delay  
An input delay is missing on rpi_gpio[5] relative to the rising and/or falling clock edge(s) of clk_pl_0.
Related violations: <none>

TIMING-18#57 Warning
Missing input or output delay  
An input delay is missing on rpi_gpio[6] relative to the rising and/or falling clock edge(s) of clk_pl_0.
Related violations: <none>

TIMING-18#58 Warning
Missing input or output delay  
An input delay is missing on rpi_gpio[7] relative to the rising and/or falling clock edge(s) of clk_pl_0.
Related violations: <none>

TIMING-18#59 Warning
Missing input or output delay  
An input delay is missing on rpi_gpio[8] relative to the rising and/or falling clock edge(s) of clk_pl_0.
Related violations: <none>

TIMING-18#60 Warning
Missing input or output delay  
An input delay is missing on rpi_gpio[9] relative to the rising and/or falling clock edge(s) of clk_pl_0.
Related violations: <none>

TIMING-18#61 Warning
Missing input or output delay  
An output delay is missing on pmod1_io[0] relative to the rising and/or falling clock edge(s) of clk_pl_0.
Related violations: <none>

TIMING-18#62 Warning
Missing input or output delay  
An output delay is missing on pmod1_io[1] relative to the rising and/or falling clock edge(s) of clk_pl_0.
Related violations: <none>

TIMING-18#63 Warning
Missing input or output delay  
An output delay is missing on pmod1_io[2] relative to the rising and/or falling clock edge(s) of clk_pl_0.
Related violations: <none>

TIMING-18#64 Warning
Missing input or output delay  
An output delay is missing on pmod1_io[3] relative to the rising and/or falling clock edge(s) of clk_pl_0.
Related violations: <none>

TIMING-18#65 Warning
Missing input or output delay  
An output delay is missing on pmod1_io[4] relative to the rising and/or falling clock edge(s) of clk_pl_0.
Related violations: <none>

TIMING-18#66 Warning
Missing input or output delay  
An output delay is missing on pmod1_io[5] relative to the rising and/or falling clock edge(s) of clk_pl_0.
Related violations: <none>

TIMING-18#67 Warning
Missing input or output delay  
An output delay is missing on pmod1_io[6] relative to the rising and/or falling clock edge(s) of clk_pl_0.
Related violations: <none>

TIMING-18#68 Warning
Missing input or output delay  
An output delay is missing on pmod1_io[7] relative to the rising and/or falling clock edge(s) of clk_pl_0.
Related violations: <none>

TIMING-18#69 Warning
Missing input or output delay  
An output delay is missing on pmod2_io[0] relative to the rising and/or falling clock edge(s) of clk_pl_0.
Related violations: <none>

TIMING-18#70 Warning
Missing input or output delay  
An output delay is missing on pmod2_io[1] relative to the rising and/or falling clock edge(s) of clk_pl_0.
Related violations: <none>

TIMING-18#71 Warning
Missing input or output delay  
An output delay is missing on pmod2_io[2] relative to the rising and/or falling clock edge(s) of clk_pl_0.
Related violations: <none>

TIMING-18#72 Warning
Missing input or output delay  
An output delay is missing on pmod2_io[3] relative to the rising and/or falling clock edge(s) of clk_pl_0.
Related violations: <none>

TIMING-18#73 Warning
Missing input or output delay  
An output delay is missing on pmod2_io[4] relative to the rising and/or falling clock edge(s) of clk_pl_0.
Related violations: <none>

TIMING-18#74 Warning
Missing input or output delay  
An output delay is missing on pmod2_io[5] relative to the rising and/or falling clock edge(s) of clk_pl_0.
Related violations: <none>

TIMING-18#75 Warning
Missing input or output delay  
An output delay is missing on pmod2_io[6] relative to the rising and/or falling clock edge(s) of clk_pl_0.
Related violations: <none>

TIMING-18#76 Warning
Missing input or output delay  
An output delay is missing on pmod2_io[7] relative to the rising and/or falling clock edge(s) of clk_pl_0.
Related violations: <none>

TIMING-18#77 Warning
Missing input or output delay  
An output delay is missing on pmod3_io[0] relative to the rising and/or falling clock edge(s) of clk_pl_0.
Related violations: <none>

TIMING-18#78 Warning
Missing input or output delay  
An output delay is missing on pmod3_io[1] relative to the rising and/or falling clock edge(s) of clk_pl_0.
Related violations: <none>

TIMING-18#79 Warning
Missing input or output delay  
An output delay is missing on pmod3_io[2] relative to the rising and/or falling clock edge(s) of clk_pl_0.
Related violations: <none>

TIMING-18#80 Warning
Missing input or output delay  
An output delay is missing on pmod3_io[3] relative to the rising and/or falling clock edge(s) of clk_pl_0.
Related violations: <none>

TIMING-18#81 Warning
Missing input or output delay  
An output delay is missing on pmod3_io[4] relative to the rising and/or falling clock edge(s) of clk_pl_0.
Related violations: <none>

TIMING-18#82 Warning
Missing input or output delay  
An output delay is missing on pmod3_io[5] relative to the rising and/or falling clock edge(s) of clk_pl_0.
Related violations: <none>

TIMING-18#83 Warning
Missing input or output delay  
An output delay is missing on pmod3_io[6] relative to the rising and/or falling clock edge(s) of clk_pl_0.
Related violations: <none>

TIMING-18#84 Warning
Missing input or output delay  
An output delay is missing on pmod3_io[7] relative to the rising and/or falling clock edge(s) of clk_pl_0.
Related violations: <none>

TIMING-18#85 Warning
Missing input or output delay  
An output delay is missing on pmod4_io[0] relative to the rising and/or falling clock edge(s) of clk_pl_0.
Related violations: <none>

TIMING-18#86 Warning
Missing input or output delay  
An output delay is missing on pmod4_io[1] relative to the rising and/or falling clock edge(s) of clk_pl_0.
Related violations: <none>

TIMING-18#87 Warning
Missing input or output delay  
An output delay is missing on pmod4_io[2] relative to the rising and/or falling clock edge(s) of clk_pl_0.
Related violations: <none>

TIMING-18#88 Warning
Missing input or output delay  
An output delay is missing on pmod4_io[3] relative to the rising and/or falling clock edge(s) of clk_pl_0.
Related violations: <none>

TIMING-18#89 Warning
Missing input or output delay  
An output delay is missing on pmod4_io[4] relative to the rising and/or falling clock edge(s) of clk_pl_0.
Related violations: <none>

TIMING-18#90 Warning
Missing input or output delay  
An output delay is missing on pmod4_io[5] relative to the rising and/or falling clock edge(s) of clk_pl_0.
Related violations: <none>

TIMING-18#91 Warning
Missing input or output delay  
An output delay is missing on pmod4_io[6] relative to the rising and/or falling clock edge(s) of clk_pl_0.
Related violations: <none>

TIMING-18#92 Warning
Missing input or output delay  
An output delay is missing on pmod4_io[7] relative to the rising and/or falling clock edge(s) of clk_pl_0.
Related violations: <none>

TIMING-18#93 Warning
Missing input or output delay  
An output delay is missing on rpi_gpio[0] relative to the rising and/or falling clock edge(s) of clk_pl_0.
Related violations: <none>

TIMING-18#94 Warning
Missing input or output delay  
An output delay is missing on rpi_gpio[10] relative to the rising and/or falling clock edge(s) of clk_pl_0.
Related violations: <none>

TIMING-18#95 Warning
Missing input or output delay  
An output delay is missing on rpi_gpio[11] relative to the rising and/or falling clock edge(s) of clk_pl_0.
Related violations: <none>

TIMING-18#96 Warning
Missing input or output delay  
An output delay is missing on rpi_gpio[12] relative to the rising and/or falling clock edge(s) of clk_pl_0.
Related violations: <none>

TIMING-18#97 Warning
Missing input or output delay  
An output delay is missing on rpi_gpio[13] relative to the rising and/or falling clock edge(s) of clk_pl_0.
Related violations: <none>

TIMING-18#98 Warning
Missing input or output delay  
An output delay is missing on rpi_gpio[14] relative to the rising and/or falling clock edge(s) of clk_pl_0.
Related violations: <none>

TIMING-18#99 Warning
Missing input or output delay  
An output delay is missing on rpi_gpio[15] relative to the rising and/or falling clock edge(s) of clk_pl_0.
Related violations: <none>

TIMING-18#100 Warning
Missing input or output delay  
An output delay is missing on rpi_gpio[16] relative to the rising and/or falling clock edge(s) of clk_pl_0.
Related violations: <none>

TIMING-18#101 Warning
Missing input or output delay  
An output delay is missing on rpi_gpio[17] relative to the rising and/or falling clock edge(s) of clk_pl_0.
Related violations: <none>

TIMING-18#102 Warning
Missing input or output delay  
An output delay is missing on rpi_gpio[18] relative to the rising and/or falling clock edge(s) of clk_pl_0.
Related violations: <none>

TIMING-18#103 Warning
Missing input or output delay  
An output delay is missing on rpi_gpio[19] relative to the rising and/or falling clock edge(s) of clk_pl_0.
Related violations: <none>

TIMING-18#104 Warning
Missing input or output delay  
An output delay is missing on rpi_gpio[1] relative to the rising and/or falling clock edge(s) of clk_pl_0.
Related violations: <none>

TIMING-18#105 Warning
Missing input or output delay  
An output delay is missing on rpi_gpio[20] relative to the rising and/or falling clock edge(s) of clk_pl_0.
Related violations: <none>

TIMING-18#106 Warning
Missing input or output delay  
An output delay is missing on rpi_gpio[21] relative to the rising and/or falling clock edge(s) of clk_pl_0.
Related violations: <none>

TIMING-18#107 Warning
Missing input or output delay  
An output delay is missing on rpi_gpio[22] relative to the rising and/or falling clock edge(s) of clk_pl_0.
Related violations: <none>

TIMING-18#108 Warning
Missing input or output delay  
An output delay is missing on rpi_gpio[23] relative to the rising and/or falling clock edge(s) of clk_pl_0.
Related violations: <none>

TIMING-18#109 Warning
Missing input or output delay  
An output delay is missing on rpi_gpio[24] relative to the rising and/or falling clock edge(s) of clk_pl_0.
Related violations: <none>

TIMING-18#110 Warning
Missing input or output delay  
An output delay is missing on rpi_gpio[25] relative to the rising and/or falling clock edge(s) of clk_pl_0.
Related violations: <none>

TIMING-18#111 Warning
Missing input or output delay  
An output delay is missing on rpi_gpio[26] relative to the rising and/or falling clock edge(s) of clk_pl_0.
Related violations: <none>

TIMING-18#112 Warning
Missing input or output delay  
An output delay is missing on rpi_gpio[27] relative to the rising and/or falling clock edge(s) of clk_pl_0.
Related violations: <none>

TIMING-18#113 Warning
Missing input or output delay  
An output delay is missing on rpi_gpio[2] relative to the rising and/or falling clock edge(s) of clk_pl_0.
Related violations: <none>

TIMING-18#114 Warning
Missing input or output delay  
An output delay is missing on rpi_gpio[3] relative to the rising and/or falling clock edge(s) of clk_pl_0.
Related violations: <none>

TIMING-18#115 Warning
Missing input or output delay  
An output delay is missing on rpi_gpio[4] relative to the rising and/or falling clock edge(s) of clk_pl_0.
Related violations: <none>

TIMING-18#116 Warning
Missing input or output delay  
An output delay is missing on rpi_gpio[5] relative to the rising and/or falling clock edge(s) of clk_pl_0.
Related violations: <none>

TIMING-18#117 Warning
Missing input or output delay  
An output delay is missing on rpi_gpio[6] relative to the rising and/or falling clock edge(s) of clk_pl_0.
Related violations: <none>

TIMING-18#118 Warning
Missing input or output delay  
An output delay is missing on rpi_gpio[7] relative to the rising and/or falling clock edge(s) of clk_pl_0.
Related violations: <none>

TIMING-18#119 Warning
Missing input or output delay  
An output delay is missing on rpi_gpio[8] relative to the rising and/or falling clock edge(s) of clk_pl_0.
Related violations: <none>

TIMING-18#120 Warning
Missing input or output delay  
An output delay is missing on rpi_gpio[9] relative to the rising and/or falling clock edge(s) of clk_pl_0.
Related violations: <none>


